2024-01-29 13:40:14,418 [ERROR] Error creando la misión: gen_file() takes 2 positional arguments but 3 were given
2024-01-29 13:41:07,973 [INFO] Archivo 'APL-ORBONE-1-29012024134107.log' generado en '/Users/alejafranco/Development/BootcampPython/Apolo11_Project/apolo-11/files/devices/ciclo-001/APL-ORBONE-1-29012024134107.log'
2024-01-29 13:41:07,974 [INFO] Archivo 'APL-CLNM-2-29012024134107.log' generado en '/Users/alejafranco/Development/BootcampPython/Apolo11_Project/apolo-11/files/devices/ciclo-001/APL-CLNM-2-29012024134107.log'
2024-01-29 13:41:07,974 [ERROR] Error creando la misión: gen_report_event_analysis() missing 1 required positional argument: 'date'
2024-01-29 13:41:52,036 [INFO] Archivo 'APL-TMRS-1-29012024134152.log' generado en '/Users/alejafranco/Development/BootcampPython/Apolo11_Project/apolo-11/files/devices/ciclo-001/APL-TMRS-1-29012024134152.log'
2024-01-29 13:41:52,037 [INFO] Archivo 'APL-CLNM-2-29012024134152.log' generado en '/Users/alejafranco/Development/BootcampPython/Apolo11_Project/apolo-11/files/devices/ciclo-001/APL-CLNM-2-29012024134152.log'
2024-01-29 13:41:57,050 [INFO] Archivo 'APL-ORBONE-1-29012024134157.log' generado en '/Users/alejafranco/Development/BootcampPython/Apolo11_Project/apolo-11/files/devices/ciclo-002/APL-ORBONE-1-29012024134157.log'
2024-01-29 13:41:57,051 [INFO] Archivo 'APL-CLNM-2-29012024134157.log' generado en '/Users/alejafranco/Development/BootcampPython/Apolo11_Project/apolo-11/files/devices/ciclo-002/APL-CLNM-2-29012024134157.log'
2024-01-29 14:04:22,827 [INFO] Archivo 'APL-UNKN-1-29012024140422.log' generado en '/Users/alejafranco/Development/BootcampPython/Apolo11_Project/apolo-11/files/devices/ciclo-001/APL-UNKN-1-29012024140422.log'
2024-01-29 14:04:22,827 [INFO] Archivo 'APL-ORBONE-2-29012024140422.log' generado en '/Users/alejafranco/Development/BootcampPython/Apolo11_Project/apolo-11/files/devices/ciclo-001/APL-ORBONE-2-29012024140422.log'
2024-01-29 14:04:27,841 [INFO] Archivo 'APL-ORBONE-1-29012024140427.log' generado en '/Users/alejafranco/Development/BootcampPython/Apolo11_Project/apolo-11/files/devices/ciclo-002/APL-ORBONE-1-29012024140427.log'
2024-01-29 14:04:27,843 [INFO] Archivo 'APL-TMRS-2-29012024140427.log' generado en '/Users/alejafranco/Development/BootcampPython/Apolo11_Project/apolo-11/files/devices/ciclo-002/APL-TMRS-2-29012024140427.log'
2024-01-29 14:06:45,025 [INFO] Archivo 'APL-CLNM-1-29012024140645.log' generado en '/Users/alejafranco/Development/BootcampPython/Apolo11_Project/apolo-11/files/devices/ciclo-001/APL-CLNM-1-29012024140645.log'
2024-01-29 14:06:45,025 [INFO] Archivo 'APL-ORBONE-2-29012024140645.log' generado en '/Users/alejafranco/Development/BootcampPython/Apolo11_Project/apolo-11/files/devices/ciclo-001/APL-ORBONE-2-29012024140645.log'
2024-01-29 14:06:45,026 [INFO] Archivo 'APL-ORBONE-3-29012024140645.log' generado en '/Users/alejafranco/Development/BootcampPython/Apolo11_Project/apolo-11/files/devices/ciclo-001/APL-ORBONE-3-29012024140645.log'
2024-01-29 14:06:45,026 [INFO] Archivo 'APL-TMRS-4-29012024140645.log' generado en '/Users/alejafranco/Development/BootcampPython/Apolo11_Project/apolo-11/files/devices/ciclo-001/APL-TMRS-4-29012024140645.log'
2024-01-29 14:06:45,026 [INFO] Archivo 'APL-CLNM-5-29012024140645.log' generado en '/Users/alejafranco/Development/BootcampPython/Apolo11_Project/apolo-11/files/devices/ciclo-001/APL-CLNM-5-29012024140645.log'
2024-01-29 14:06:50,038 [INFO] Archivo 'APL-ORBONE-1-29012024140650.log' generado en '/Users/alejafranco/Development/BootcampPython/Apolo11_Project/apolo-11/files/devices/ciclo-002/APL-ORBONE-1-29012024140650.log'
2024-01-29 14:06:50,040 [INFO] Archivo 'APL-TMRS-2-29012024140650.log' generado en '/Users/alejafranco/Development/BootcampPython/Apolo11_Project/apolo-11/files/devices/ciclo-002/APL-TMRS-2-29012024140650.log'
2024-01-29 14:06:50,041 [INFO] Archivo 'APL-GALXONE-3-29012024140650.log' generado en '/Users/alejafranco/Development/BootcampPython/Apolo11_Project/apolo-11/files/devices/ciclo-002/APL-GALXONE-3-29012024140650.log'
2024-01-29 14:06:50,041 [INFO] Archivo 'APL-TMRS-4-29012024140650.log' generado en '/Users/alejafranco/Development/BootcampPython/Apolo11_Project/apolo-11/files/devices/ciclo-002/APL-TMRS-4-29012024140650.log'
2024-01-29 14:06:50,042 [INFO] Archivo 'APL-UNKN-5-29012024140650.log' generado en '/Users/alejafranco/Development/BootcampPython/Apolo11_Project/apolo-11/files/devices/ciclo-002/APL-UNKN-5-29012024140650.log'
2024-01-29 14:11:39,019 [INFO] Archivo 'APL-CLNM-1-29012024141139.log' generado en '/Users/alejafranco/Development/BootcampPython/Apolo11_Project/apolo-11/files/devices/ciclo-001/APL-CLNM-1-29012024141139.log'
2024-01-29 14:11:39,020 [INFO] Archivo 'APL-GALXONE-2-29012024141139.log' generado en '/Users/alejafranco/Development/BootcampPython/Apolo11_Project/apolo-11/files/devices/ciclo-001/APL-GALXONE-2-29012024141139.log'
2024-01-29 14:11:39,020 [INFO] Archivo 'APL-CLNM-3-29012024141139.log' generado en '/Users/alejafranco/Development/BootcampPython/Apolo11_Project/apolo-11/files/devices/ciclo-001/APL-CLNM-3-29012024141139.log'
2024-01-29 14:11:39,020 [INFO] Archivo 'APL-TMRS-4-29012024141139.log' generado en '/Users/alejafranco/Development/BootcampPython/Apolo11_Project/apolo-11/files/devices/ciclo-001/APL-TMRS-4-29012024141139.log'
2024-01-29 14:11:39,020 [INFO] Archivo 'APL-GALXONE-5-29012024141139.log' generado en '/Users/alejafranco/Development/BootcampPython/Apolo11_Project/apolo-11/files/devices/ciclo-001/APL-GALXONE-5-29012024141139.log'
2024-01-29 14:11:44,036 [INFO] Archivo 'APL-ORBONE-1-29012024141144.log' generado en '/Users/alejafranco/Development/BootcampPython/Apolo11_Project/apolo-11/files/devices/ciclo-002/APL-ORBONE-1-29012024141144.log'
2024-01-29 14:11:44,038 [INFO] Archivo 'APL-TMRS-2-29012024141144.log' generado en '/Users/alejafranco/Development/BootcampPython/Apolo11_Project/apolo-11/files/devices/ciclo-002/APL-TMRS-2-29012024141144.log'
2024-01-29 14:11:44,039 [INFO] Archivo 'APL-GALXONE-3-29012024141144.log' generado en '/Users/alejafranco/Development/BootcampPython/Apolo11_Project/apolo-11/files/devices/ciclo-002/APL-GALXONE-3-29012024141144.log'
2024-01-29 14:11:44,040 [INFO] Archivo 'APL-UNKN-4-29012024141144.log' generado en '/Users/alejafranco/Development/BootcampPython/Apolo11_Project/apolo-11/files/devices/ciclo-002/APL-UNKN-4-29012024141144.log'
2024-01-29 14:11:44,040 [INFO] Archivo 'APL-CLNM-5-29012024141144.log' generado en '/Users/alejafranco/Development/BootcampPython/Apolo11_Project/apolo-11/files/devices/ciclo-002/APL-CLNM-5-29012024141144.log'
2024-01-29 14:15:03,364 [INFO] Archivo 'APL-ORBONE-1-29012024141503.log' generado en '/Users/alejafranco/Development/BootcampPython/Apolo11_Project/apolo-11/files/devices/ciclo-001/APL-ORBONE-1-29012024141503.log'
2024-01-29 14:15:03,364 [INFO] Archivo 'APL-TMRS-2-29012024141503.log' generado en '/Users/alejafranco/Development/BootcampPython/Apolo11_Project/apolo-11/files/devices/ciclo-001/APL-TMRS-2-29012024141503.log'
2024-01-29 14:15:03,364 [INFO] Archivo 'APL-UNKN-3-29012024141503.log' generado en '/Users/alejafranco/Development/BootcampPython/Apolo11_Project/apolo-11/files/devices/ciclo-001/APL-UNKN-3-29012024141503.log'
2024-01-29 14:15:03,365 [INFO] Archivo 'APL-GALXONE-4-29012024141503.log' generado en '/Users/alejafranco/Development/BootcampPython/Apolo11_Project/apolo-11/files/devices/ciclo-001/APL-GALXONE-4-29012024141503.log'
2024-01-29 14:15:03,365 [INFO] Archivo 'APL-CLNM-5-29012024141503.log' generado en '/Users/alejafranco/Development/BootcampPython/Apolo11_Project/apolo-11/files/devices/ciclo-001/APL-CLNM-5-29012024141503.log'
2024-01-29 14:15:41,669 [INFO] Archivo 'APL-UNKN-1-29012024141541.log' generado en '/Users/alejafranco/Development/BootcampPython/Apolo11_Project/apolo-11/files/devices/ciclo-001/APL-UNKN-1-29012024141541.log'
2024-01-29 14:15:41,669 [INFO] Archivo 'APL-CLNM-2-29012024141541.log' generado en '/Users/alejafranco/Development/BootcampPython/Apolo11_Project/apolo-11/files/devices/ciclo-001/APL-CLNM-2-29012024141541.log'
2024-01-29 14:15:41,670 [INFO] Archivo 'APL-UNKN-3-29012024141541.log' generado en '/Users/alejafranco/Development/BootcampPython/Apolo11_Project/apolo-11/files/devices/ciclo-001/APL-UNKN-3-29012024141541.log'
2024-01-29 14:15:41,670 [INFO] Archivo 'APL-UNKN-4-29012024141541.log' generado en '/Users/alejafranco/Development/BootcampPython/Apolo11_Project/apolo-11/files/devices/ciclo-001/APL-UNKN-4-29012024141541.log'
2024-01-29 14:15:41,670 [INFO] Archivo 'APL-GALXONE-5-29012024141541.log' generado en '/Users/alejafranco/Development/BootcampPython/Apolo11_Project/apolo-11/files/devices/ciclo-001/APL-GALXONE-5-29012024141541.log'
2024-01-29 14:17:01,205 [INFO] Archivo 'APL-GALXONE-1-29012024141701.log' generado en '/Users/alejafranco/Development/BootcampPython/Apolo11_Project/apolo-11/files/devices/ciclo-001/APL-GALXONE-1-29012024141701.log'
2024-01-29 14:17:01,206 [INFO] Archivo 'APL-UNKN-2-29012024141701.log' generado en '/Users/alejafranco/Development/BootcampPython/Apolo11_Project/apolo-11/files/devices/ciclo-001/APL-UNKN-2-29012024141701.log'
2024-01-29 14:17:01,206 [INFO] Archivo 'APL-CLNM-3-29012024141701.log' generado en '/Users/alejafranco/Development/BootcampPython/Apolo11_Project/apolo-11/files/devices/ciclo-001/APL-CLNM-3-29012024141701.log'
2024-01-29 14:17:01,206 [INFO] Archivo 'APL-UNKN-4-29012024141701.log' generado en '/Users/alejafranco/Development/BootcampPython/Apolo11_Project/apolo-11/files/devices/ciclo-001/APL-UNKN-4-29012024141701.log'
2024-01-29 14:17:01,206 [INFO] Archivo 'APL-CLNM-5-29012024141701.log' generado en '/Users/alejafranco/Development/BootcampPython/Apolo11_Project/apolo-11/files/devices/ciclo-001/APL-CLNM-5-29012024141701.log'
2024-01-29 14:18:09,437 [INFO] Archivo 'APL-GALXONE-1-29012024141809.log' generado en '/Users/alejafranco/Development/BootcampPython/Apolo11_Project/apolo-11/files/devices/ciclo-001/APL-GALXONE-1-29012024141809.log'
2024-01-29 14:18:09,438 [INFO] Archivo 'APL-UNKN-2-29012024141809.log' generado en '/Users/alejafranco/Development/BootcampPython/Apolo11_Project/apolo-11/files/devices/ciclo-001/APL-UNKN-2-29012024141809.log'
2024-01-29 14:18:09,438 [INFO] Archivo 'APL-CLNM-3-29012024141809.log' generado en '/Users/alejafranco/Development/BootcampPython/Apolo11_Project/apolo-11/files/devices/ciclo-001/APL-CLNM-3-29012024141809.log'
2024-01-29 14:18:09,438 [INFO] Archivo 'APL-UNKN-4-29012024141809.log' generado en '/Users/alejafranco/Development/BootcampPython/Apolo11_Project/apolo-11/files/devices/ciclo-001/APL-UNKN-4-29012024141809.log'
2024-01-29 14:18:09,439 [INFO] Archivo 'APL-TMRS-5-29012024141809.log' generado en '/Users/alejafranco/Development/BootcampPython/Apolo11_Project/apolo-11/files/devices/ciclo-001/APL-TMRS-5-29012024141809.log'
